[debug] [2019-11-21T21:31:34.624Z] ----------------------------------------------------------------------
[debug] [2019-11-21T21:31:34.627Z] Command:       C:\Program Files\nodejs\node.exe C:\Users\coc\AppData\Roaming\npm\node_modules\firebase-tools\lib\bin\firebase.js serve --project lab-sw-02-18182
[debug] [2019-11-21T21:31:34.627Z] CLI Version:   7.8.0
[debug] [2019-11-21T21:31:34.627Z] Platform:      win32
[debug] [2019-11-21T21:31:34.627Z] Node Version:  v10.16.2
[debug] [2019-11-21T21:31:34.628Z] Time:          Fri Nov 22 2019 04:31:34 GMT+0700 (Indochina Time)
[debug] [2019-11-21T21:31:34.628Z] ----------------------------------------------------------------------
[debug] [2019-11-21T21:31:34.628Z] 
[debug] [2019-11-21T21:31:34.638Z] > command requires scopes: ["email","openid","https://www.googleapis.com/auth/cloudplatformprojects.readonly","https://www.googleapis.com/auth/firebase","https://www.googleapis.com/auth/cloud-platform"]
[debug] [2019-11-21T21:31:34.639Z] > authorizing via signed-in user
[debug] [2019-11-21T21:31:34.639Z] [iam] checking project lab-sw-02-18182 for permissions ["firebase.projects.get"]
[debug] [2019-11-21T21:31:34.641Z] >>> HTTP REQUEST POST https://cloudresourcemanager.googleapis.com/v1/projects/lab-sw-02-18182:testIamPermissions  

[debug] [2019-11-21T21:31:36.029Z] <<< HTTP RESPONSE 200
[debug] [2019-11-21T21:31:36.032Z] >>> HTTP REQUEST GET https://firebase.googleapis.com/v1beta1/projects/lab-sw-02-18182  
 
[debug] [2019-11-21T21:31:36.462Z] <<< HTTP RESPONSE 200
[info] 
[info] === Serving from 'C:\Users\coc\6135512021'...
[info] 
[debug] [2019-11-21T21:31:36.468Z] >>> HTTP REQUEST GET https://firebase.googleapis.com/v1beta1/projects/lab-sw-02-18182/webApps/-/config  
 
[debug] [2019-11-21T21:31:38.488Z] <<< HTTP RESPONSE 200
[info] i  hosting: Serving hosting files from: public
[info] +  hosting: Local server: http://localhost:5000
